0 verbose cli D:\DataFromApps\Nodejs\node.exe D:\DataFromApps\Nodejs\node_modules\npm\bin\npm-cli.js
1 info using npm@9.5.1
2 info using node@v18.16.1
3 timing npm:load:whichnode Completed in 2ms
4 timing config:load:defaults Completed in 1ms
5 timing config:load:file:D:\DataFromApps\Nodejs\node_modules\npm\npmrc Completed in 1ms
6 timing config:load:builtin Completed in 1ms
7 timing config:load:cli Completed in 1ms
8 timing config:load:env Completed in 1ms
9 timing config:load:project Completed in 0ms
10 timing config:load:file:C:\Users\zxc\.npmrc Completed in 0ms
11 timing config:load:user Completed in 0ms
12 timing config:load:file:D:\test_js_code\etc\npmrc Completed in 1ms
13 timing config:load:global Completed in 1ms
14 timing config:load:setEnvs Completed in 1ms
15 timing config:load Completed in 6ms
16 timing npm:load:configload Completed in 6ms
17 timing npm:load:mkdirpcache Completed in 0ms
18 timing npm:load:mkdirplogs Completed in 0ms
19 verbose title npm prefix
20 verbose argv "prefix" "--global"
21 timing npm:load:setTitle Completed in 1ms
22 timing config:load:flatten Completed in 1ms
23 timing npm:load:display Completed in 1ms
24 verbose logfile logs-max:10 dir:D:\UI\vue-admin-template\_logs\2024-01-06T10_22_31_354Z-
25 verbose logfile D:\UI\vue-admin-template\_logs\2024-01-06T10_22_31_354Z-debug-0.log
26 timing npm:load:logFile Completed in 3ms
27 timing npm:load:timers Completed in 0ms
28 timing npm:load:configScope Completed in 0ms
29 timing npm:load Completed in 13ms
30 timing command:prefix Completed in 1ms
31 verbose exit 0
32 timing npm Completed in 19ms
33 info ok
